<?xml version="1.0" encoding="UTF-8"?>
<!-- Generated by org.testng.reporters.JUnitXMLReporter -->
<testsuite hostname="KVKM" name="Test" tests="2" failures="1" timestamp="1 Jan 2018 18:07:27 GMT" time="94.007" errors="0">
  <testcase name="basePageNavigation" time="45.383" classname="Academy.HomePage"/>
  <testcase name="basePageNavigation" time="48.614" classname="Academy.assertTitle">
    <failure type="java.lang.AssertionError" message="expected [FEATURED COURSESADA] but found [FEATURED COURSES]">
      <![CDATA[java.lang.AssertionError: expected [FEATURED COURSESADA] but found [FEATURED COURSES]
	at Academy.assertTitle.basePageNavigation(assertTitle.java:19)
... Removed 29 stack frames]]>
    </failure>
  </testcase> <!-- basePageNavigation -->
</testsuite> <!-- Test -->
